2021-10-01 22:42:33,358 [      0]   INFO -        #com.intellij.idea.Main - ------------------------------------------------------ IDE STARTED ------------------------------------------------------ 
2021-10-01 22:42:33,382 [     24]   INFO - .intellij.util.EnvironmentUtil - loading shell env: /bin/bash -l -i -c '/Applications/Android Studio.app/Contents/bin/printenv.py' '/var/folders/6c/mm_vb6kx0bl81sd61lq736zr0000gn/T/intellij-shell-env.1913026058715140553.tmp' 
2021-10-01 22:42:33,428 [     70]   INFO -        #com.intellij.idea.Main - IDE: Android Studio (build #AI-203.7717.56.2031.7678000, 27 Aug 2021 00:53) 
2021-10-01 22:42:33,431 [     73]   INFO -        #com.intellij.idea.Main - OS: Mac OS X (10.16, x86_64) 
2021-10-01 22:42:33,451 [     93]   INFO -        #com.intellij.idea.Main - JRE: 11.0.9+11-b944.49 (JetBrains s.r.o.) 
2021-10-01 22:42:33,452 [     94]   INFO -        #com.intellij.idea.Main - JVM: 11.0.9+11-b944.49 (OpenJDK 64-Bit Server VM) 
2021-10-01 22:42:33,458 [    100]   INFO -        #com.intellij.idea.Main - JVM Args: -Dapple.awt.fileDialogForDirectories=true -Dapple.laf.useScreenMenuBar=true -Didea.auto.reload.plugins=true -Didea.classpath.index.enabled=false -Didea.config.path=/Users/opensooquser/Downloads/Viper/build/idea-sandbox/config -Didea.is.internal=true -Didea.platform.prefix=AndroidStudio -Didea.plugins.path=/Users/opensooquser/Downloads/Viper/build/idea-sandbox/plugins -Didea.required.plugins.id=com.yazantarifi.Viper -Didea.smooth.progress=false -Didea.system.path=/Users/opensooquser/Downloads/Viper/build/idea-sandbox/system -Xms256m -Xmx512m -Dfile.encoding=UTF-8 -Duser.country=JO -Duser.language=en -Duser.variant -ea 
2021-10-01 22:42:33,459 [    101]   INFO -        #com.intellij.idea.Main - library path: /Users/opensooquser/Library/Java/Extensions:/Library/Java/Extensions:/Network/Library/Java/Extensions:/System/Library/Java/Extensions:/usr/lib/java:. 
2021-10-01 22:42:33,459 [    101]   INFO -        #com.intellij.idea.Main - boot library path: /Users/opensooquser/.gradle/caches/modules-2/files-2.1/com.jetbrains/jbre/jbr-11_0_9-osx-x64-b944.49/jbr/Contents/Home/lib 
2021-10-01 22:42:33,508 [    150]   INFO -        #com.intellij.idea.Main - locale=en_JO JNU=UTF-8 file.encoding=UTF-8
  idea.config.path=/Users/opensooquser/Downloads/Viper/build/idea-sandbox/config
  idea.system.path=/Users/opensooquser/Downloads/Viper/build/idea-sandbox/system
  idea.plugins.path=/Users/opensooquser/Downloads/Viper/build/idea-sandbox/plugins
  idea.log.path=/Users/opensooquser/Downloads/Viper/build/idea-sandbox/system/log 
2021-10-01 22:42:33,954 [    596]   INFO - .intellij.util.EnvironmentUtil - shell environment loaded (15 vars) 
2021-10-01 22:42:33,966 [    608]   INFO -        #com.intellij.idea.Main - JNA library (64-bit) loaded in 457 ms 
2021-10-01 22:42:34,445 [   1087]   INFO - llij.ide.plugins.PluginManager - Plugin PluginDescriptor(name=Groovy, id=org.intellij.groovy, path=/Applications/Android Studio.app/Contents/plugins/Groovy, version=203.7717.56.2031.7678000) misses optional descriptor duplicates-groovy.xml 
2021-10-01 22:42:34,446 [   1088]   INFO - llij.ide.plugins.PluginManager - Plugin PluginDescriptor(name=Groovy, id=org.intellij.groovy, path=/Applications/Android Studio.app/Contents/plugins/Groovy, version=203.7717.56.2031.7678000) misses optional descriptor duplicates-detection-groovy.xml 
2021-10-01 22:42:34,647 [   1289]   INFO - llij.ide.plugins.PluginManager - Plugin PluginDescriptor(name=Java, id=com.intellij.java, path=/Applications/Android Studio.app/Contents/plugins/java, version=203.7717.56.2031.7678000) misses optional descriptor profiler-java.xml 
2021-10-01 22:42:34,650 [   1292]   INFO - llij.ide.plugins.PluginManager - Plugin PluginDescriptor(name=Java, id=com.intellij.java, path=/Applications/Android Studio.app/Contents/plugins/java, version=203.7717.56.2031.7678000) misses optional descriptor java-features-trainer.xml 
2021-10-01 22:42:34,691 [   1333]   INFO - llij.ide.plugins.PluginManager - Plugin PluginDescriptor(name=Kotlin, id=org.jetbrains.kotlin, path=/Applications/Android Studio.app/Contents/plugins/Kotlin, version=203-1.5.20-release-289-AS7717.8) misses optional descriptor kotlin-nodejs.xml 
2021-10-01 22:42:34,693 [   1335]   INFO - llij.ide.plugins.PluginManager - Plugin PluginDescriptor(name=Kotlin, id=org.jetbrains.kotlin, path=/Applications/Android Studio.app/Contents/plugins/Kotlin, version=203-1.5.20-release-289-AS7717.8) misses optional descriptor native-debug.xml 
2021-10-01 22:42:34,696 [   1338]   INFO - llij.ide.plugins.PluginManager - Plugin PluginDescriptor(name=Kotlin, id=org.jetbrains.kotlin, path=/Applications/Android Studio.app/Contents/plugins/Kotlin, version=203-1.5.20-release-289-AS7717.8) misses optional descriptor js-debug.xml 
2021-10-01 22:42:34,761 [   1403]   WARN - llij.ide.plugins.PluginManager - Problems found loading plugins:
  The Viper (id=com.yazantarifi.Viper, path=~/Downloads/Viper/build/idea-sandbox/plugins/Viper, version=1.0-SNAPSHOT) plugin Plugin 'Viper' (version '1.0-SNAPSHOT') is not compatible with the current version of the IDE, because it requires build 202.* or older but the current build is AI-203.7717.56 
2021-10-01 22:42:34,802 [   1444]   INFO - llij.ide.plugins.PluginManager - Loaded bundled plugins: IDEA CORE (203.7717.56), Layoutlib (203.7717.56.2031.7678000), Layoutlib Legacy (203.7717.56.2031.7678000), Google Login (203.7717.56.2031.7678000), CIDR Base (203.7717.56.2031.7678000), C/C++ Language Support (203.7717.56.2031.7678000), Clangd support (203.7717.56.2031.7678000), com.intellij.platform.images (203.7717.56.2031.7678000), JetBrains maven model api classes (203.7717.56.2031.7678000), JetBrains Repository Search (203.7717.56.2031.7678000), Subversion (203.7717.56.2031.7678000), Smali Support (203.7717.56.2031.7678000), Machine Learning Code Completion (203.7717.56.2031.7678000), Configuration Script (203.7717.56.2031.7678000), Copyright (203.7717.56.2031.7678000), Java (203.7717.56.2031.7678000), JUnit (203.7717.56.2031.7678000), Java IDE Customization (203.7717.56.2031.7678000), Java Stream Debugger (203.7717.56.2031.7678000), Java Bytecode Decompiler (203.7717.56.2031.7678000), Properties (203.7717.56.2031.7678000), Gradle (203.7717.56.2031.7678000), Java Internationalization (203.7717.56.2031.7678000), Resource Bundle Editor (203.7717.56.2031.7678000), Task Management (203.7717.56.2031.7678000), Mercurial (203.7717.56.2031.7678000), WebP Support (203.7717.56.2031.7678000), EditorConfig (203.7717.56.2031.7678000), Terminal (203.7717.56.2031.7678000), Git (203.7717.56.2031.7678000), ChangeReminder (203.7717.56.2031.7678000), GitHub (203.7717.56.2031.7678000), Next File Prediction (203.7717.56.2031.7678000), Shell Script (203.7717.56.2031.7678000), TextMate Bundles (203.7717.56.2031.7678000), YAML (203.7717.56.2031.7678000), Settings Repository (203.7717.56.2031.7678000), IntelliLang (203.7717.56.2031.7678000), TestNG (203.7717.56.2031.7678000), Code Coverage for Java (203.7717.56.2031.7678000), Groovy (203.7717.56.2031.7678000), Gradle-Java (203.7717.56.2031.7678000), Google Cloud Tools Core (203.7717.56.2031.7678000), Kotlin (203-1.5.20-release-289-AS7717.8), Android (2020.3.1 Patch 2), Google Cloud Tools For Android Studio (203.7717.56.2031.7678000), Firebase Testing (203.7717.56.2031.7678000), Compose (203.7717.56.2031.7678000), Android NDK Support (203.7717.56.2031.7678000), Android APK Support (203.7717.56.2031.7678000), Google Developers Samples (203.7717.56.2031.7678000), Test Recorder (203.7717.56.2031.7678000), Firebase Services (203.7717.56.2031.7678000), App Links Assistant (203.7717.56.2031.7678000), Firebase App Indexing (203.7717.56.2031.7678000) 
2021-10-01 22:42:34,907 [   1549]   INFO - ntellij.idea.ApplicationLoader - CPU cores: 8; ForkJoinPool.commonPool: java.util.concurrent.ForkJoinPool@1c18085[Running, parallelism = 7, size = 0, active = 0, running = 0, steals = 0, tasks = 0, submissions = 0]; factory: com.intellij.concurrency.IdeaForkJoinWorkerThreadFactory@64482d8 
2021-10-01 22:42:35,597 [   2239]   INFO - m.intellij.util.io.StorageLock - lower=100; upper=492; buffer=10; max=492 
2021-10-01 22:42:35,748 [   2390]   INFO - tellij.util.io.FileChannelUtil - uninterruptible FileChannels will be used for indexes 
2021-10-01 22:42:35,748 [   2390]   WARN - i.mac.MacOSApplicationProvider - No URL bundle (CFBundleURLTypes) is defined in the main bundle.
To be able to open external links, specify protocols in the app layout section of the build file.
Example: args.urlSchemes = ["your-protocol"] will handle following links: your-protocol://open?file=file&line=line 
2021-10-01 22:42:35,875 [   2517]   WARN - j.internal.DebugAttachDetector - Unable to start DebugAttachDetector, please add `--add-exports java.base/jdk.internal.vm=ALL-UNNAMED` to VM options 
2021-10-01 22:42:35,917 [   2559]   INFO - fs.newvfs.persistent.FSRecords - Marking VFS as corrupted: '/Users/opensooquser/Downloads/Viper/build/idea-sandbox/system/caches/names.dat' does not exist 
2021-10-01 22:42:35,941 [   2583]   INFO - com.intellij.ide.ui.UISettings - Loaded: fontSize=13, fontScale=1.0; restored: fontSize=13, fontScale=1.0 
2021-10-01 22:42:35,956 [   2598]   INFO - rains.ide.BuiltInServerManager - built-in server started, port 63344 
2021-10-01 22:42:35,973 [   2615]   INFO - .history.utils.LocalHistoryLog - local history version mismatch (was: 0, expected: 6), rebuilding... 
2021-10-01 22:42:35,974 [   2616]   INFO - .history.utils.LocalHistoryLog - FS has been rebuild, rebuilding local history... 
2021-10-01 22:42:36,095 [   2737]   INFO - m.intellij.ui.mac.touchbar.NST - touchbar-server isn't running, skip nst loading 
2021-10-01 22:42:36,213 [   2855]   INFO - til.net.ssl.CertificateManager - Default SSL context initialized 
2021-10-01 22:42:36,264 [   2906]   WARN - Container.ComponentManagerImpl - Do not use constructor injection (requestorClass=com.android.tools.idea.AndroidInitialConfigurator) 
2021-10-01 22:42:36,337 [   2979]   INFO - pi.util.registry.RegistryValue - Registry value 'external.system.auto.import.disabled' has changed to 'true' 
2021-10-01 22:42:36,382 [   3024]   INFO - stubs.SerializationManagerImpl - Name storage is repaired 
2021-10-01 22:42:36,652 [   3294]   INFO - pl.local.NativeFileWatcherImpl - Starting file watcher: /Applications/Android Studio.app/Contents/bin/fsnotifier 
2021-10-01 22:42:36,663 [   3305]   INFO - pl.local.NativeFileWatcherImpl - Native file watcher is operational. 
2021-10-01 22:42:36,708 [   3350]   INFO - penapi.application.Experiments - Experimental features enabled for user: wsl.p9.support, wsl.p9.show.roots.in.file.chooser, wsl.execute.with.wsl.exe, inline.browse.button, linux.native.menu, recent.and.edited.files.together, show.create.new.element.in.popup, search.everywhere.mixed.results, copy.reference.popup, i18n.match.actions, editor.reader.mode, edit.run.configurations.while.dumb, new.large.text.file.viewer, property.value.inplace.editing, terminal.shell.command.handling 
2021-10-01 22:42:36,756 [   3398]   INFO - .startup.AndroidSdkInitializer - Found Studio home directory at: '/Applications/Android Studio.app/Contents' 
2021-10-01 22:42:36,756 [   3398]   INFO - .startup.AndroidSdkInitializer - Looking for Android SDK at '/Applications/Android Studio.app/Contents/sdk' 
2021-10-01 22:42:36,762 [   3404]   INFO - .startup.AndroidSdkInitializer - Looking for Android SDK at '/Applications/Android Studio.app/sdk' 
2021-10-01 22:42:36,762 [   3404]   INFO - .startup.AndroidSdkInitializer - Unable to locate SDK within the Android studio installation. 
2021-10-01 22:42:36,764 [   3406]   INFO - .startup.AndroidSdkInitializer - Examined and not found a valid Android SDK path: ANDROID_HOME environment variable 
2021-10-01 22:42:36,764 [   3406]   INFO - .startup.AndroidSdkInitializer - Examined and not found a valid Android SDK path: ANDROID_SDK_ROOT environment variable 
2021-10-01 22:42:36,765 [   3407]   INFO - .startup.AndroidSdkInitializer - Examined and not found a valid Android SDK path: Last SDK used by Android tools 
2021-10-01 22:42:36,765 [   3407]   INFO - .startup.AndroidSdkInitializer - Using default SDK path: /Users/opensooquser/Library/Android/sdk 
2021-10-01 22:42:36,773 [   3415]   WARN - nSystem.impl.ActionManagerImpl - keymap "Xcode" not found [Plugin: com.intellij] 
2021-10-01 22:42:36,791 [   3433]   WARN - nSystem.impl.ActionManagerImpl - keymap "Xcode" not found [Plugin: com.intellij.cidr.base] 
2021-10-01 22:42:37,015 [   3657]   INFO - verflags.ServerFlagInitializer - Enabled server flags:  
2021-10-01 22:42:37,699 [   4341]   INFO - il.indexing.FileBasedIndexImpl - Indexes to be rebuilt after corruption:FilenameIndex(v = 3),FrameworkDetectionIndex(v = 65536),TodoIndex(v = 4107),IdIndex(v = 4113),filetypes(v = 3),Stubs(v = 46),Trigram.Index(v = 4099),fileIncludes(v = 6),DomFileIndex(v = 0),RelaxSymbolIndex(v = 0),XmlTagNames(v = 1),XmlNamespaces(v = 8),html5.custom.attributes.index(v = 1),SchemaTypeInheritance(v = 2),json.file.root.values(v = 5),FileNameWithoutExtensionIndex(v = 1),bytecodeAnalysis(v = 4107),java.auto.module.name(v = 5),java.source.module.name(v = 2),java.null.method.argument(v = 4097),java.fun.expression(v = 4102),java.binary.plus.expression(v = 4100),xmlProperties(v = 2),editorconfig.index.name(v = 5),yaml.keys.name(v = 1),groovy.trait.fields(v = 5),groovy.trait.methods(v = 28),org.jetbrains.kotlin.idea.versions.KotlinJvmMetadataVersionIndex(v = 5),org.jetbrains.kotlin.idea.versions.KotlinJsMetadataVersionIndex(v = 3),org.jetbrains.kotlin.idea.vfilefinder.KotlinClassFileIndex(v = 3),org.jetbrains.kotlin.idea.vfilefinder.KotlinJavaScriptMetaFileIndex(v = 4),org.jetbrains.kotlin.idea.vfilefinder.KotlinMetadataFileIndex(v = 1),org.jetbrains.kotlin.idea.vfilefinder.KotlinMetadataFilePackageIndex(v = 1),org.jetbrains.kotlin.idea.vfilefinder.KotlinModuleMappingIndex(v = 5),org.jetbrains.kotlin.idea.vfilefinder.KotlinPackageSourcesMemberNamesIndex(v = 2),org.jetbrains.kotlin.idea.vfilefinder.KotlinJvmModuleAnnotationsIndex(v = 1),org.jetbrains.kotlin.idea.vfilefinder.KotlinBuiltInsMetadataIndex(v = 1),org.jetbrains.kotlin.idea.vfilefinder.KotlinStdlibIndex(v = 1),org.jetbrains.kotlin.idea.vfilefinder.KlibMetaFileIndex(v = 4),org.jetbrains.kotlin.idea.script.ScriptTemplatesClassRootsIndex(v = 3),com.android.tools.idea.model.AndroidManifestIndex$Companion$NAME$1.NAME(v = 10),BindingXmlIndex(v = 8),MlModelFileIndex(v = 6),NavXmlIndex(v = 8),android.ndk.jni.nativemethodindex(v = 3) 
2021-10-01 22:42:37,704 [   4346]   INFO - leBasedIndexDataInitialization - Initialization done: 1734 
2021-10-01 22:42:37,884 [   4526]   INFO - tellij.psi.stubs.StubIndexImpl - Following stub indices will be built:dom.namespaceKey(v = 1),dom.elementClass(v = 0),properties.index(v = 2),gr.class.fqn(v = 1),gr.script.fqn(v = 2),gr.field.name(v = 2),gr.method.name(v = 2),gr.annot.method.name(v = 2),gr.annot.members(v = 2),gr.script.class(v = 2),gr.class.super(v = 2),gr.anonymous.class(v = 3),org.jetbrains.kotlin.idea.stubindex.KotlinExactPackagesIndex(v = 2),org.jetbrains.kotlin.idea.stubindex.KotlinTopLevelClassByPackageIndex(v = 2),org.jetbrains.kotlin.idea.stubindex.KotlinTopLevelFunctionByPackageIndex(v = 2),org.jetbrains.kotlin.idea.stubindex.KotlinTopLevelPropertyByPackageIndex(v = 2),org.jetbrains.kotlin.idea.stubindex.KotlinTopLevelTypeAliasByPackageIndex(v = 2),org.jetbrains.kotlin.idea.stubindex.KotlinClassShortNameIndex(v = 2),org.jetbrains.kotlin.idea.stubindex.KotlinFullClassNameIndex(v = 2),org.jetbrains.kotlin.idea.stubindex.KotlinPropertyShortNameIndex(v = 2),org.jetbrains.kotlin.idea.stubindex.KotlinFunctionShortNameIndex(v = 2),org.jetbrains.kotlin.idea.stubindex.KotlinTypeAliasShortNameIndex(v = 2),org.jetbrains.kotlin.idea.stubindex.KotlinSuperClassIndex(v = 2),org.jetbrains.kotlin.idea.stubindex.KotlinTopLevelFunctionFqnNameIndex(v = 2),org.jetbrains.kotlin.idea.stubindex.KotlinTopLevelPropertyFqnNameIndex(v = 2),org.jetbrains.kotlin.idea.stubindex.KotlinTopLevelTypeAliasFqNameIndex(v = 2),org.jetbrains.kotlin.idea.stubindex.KotlinTopLevelExtensionsByReceiverTypeIndex(v = 2),org.jetbrains.kotlin.idea.stubindex.KotlinAnnotationsIndex(v = 3),org.jetbrains.kotlin.idea.stubindex.KotlinProbablyNothingFunctionShortNameIndex(v = 2),org.jetbrains.kotlin.idea.stubindex.KotlinProbablyNothingPropertyShortNameIndex(v = 2),org.jetbrains.kotlin.idea.stubindex.KotlinProbablyContractedFunctionShortNameIndex(v = 2),org.jetbrains.kotlin.idea.stubindex.KotlinFileFacadeFqNameIndex(v = 2),org.jetbrains.kotlin.idea.stubindex.KotlinFilePartClassIndex(v = 2),org.jetbrains.kotlin.idea.stubindex.KotlinFileFacadeClassByPackageIndex(v = 2),org.jetbrains.kotlin.idea.stubindex.KotlinFileFacadeShortNameIndex(v = 2),org.jetbrains.kotlin.idea.stubindex.KotlinMultifileClassPartIndex(v = 2),org.jetbrains.kotlin.idea.stubindex.KotlinScriptFqnIndex(v = 2),org.jetbrains.kotlin.idea.stubindex.KotlinTypeAliasByExpansionShortNameIndex(v = 2),org.jetbrains.kotlin.idea.stubindex.KotlinOverridableInternalMembersShortNameIndex(v = 2),java.annotations(v = 2),java.class.extlist(v = 3),java.field.name(v = 2),java.method.name(v = 2),jvm.static.member.name(v = 2),jvm.static.member.type(v = 2),java.anonymous.baseref(v = 2),java.method.parameter.types(v = 3),java.class.shortname(v = 4),java.class.fqn(v = 1),java.module.name(v = 4) 
2021-10-01 22:42:37,885 [   4527]   INFO - exImpl$StubIndexInitialization - Initialization done: 180 
2021-10-01 22:42:39,814 [   6456]   INFO - s.RepoProgressIndicatorAdapter - Downloading https://dl.google.com/android/repository/addons_list-4.xml 
2021-10-01 22:42:40,284 [   6926]   INFO - s.RepoProgressIndicatorAdapter - Downloading https://dl.google.com/android/repository/repository2-1.xml 
2021-10-01 22:42:40,284 [   6926]   INFO - s.RepoProgressIndicatorAdapter - Downloading https://dl.google.com/android/repository/sys-img/android-automotive/sys-img2-2.xml 
2021-10-01 22:42:40,284 [   6926]   INFO - s.RepoProgressIndicatorAdapter - Downloading https://dl.google.com/android/repository/sys-img/android/sys-img2-2.xml 
2021-10-01 22:42:40,284 [   6926]   INFO - s.RepoProgressIndicatorAdapter - Downloading https://dl.google.com/android/repository/repository2-2.xml 
2021-10-01 22:42:40,284 [   6926]   INFO - s.RepoProgressIndicatorAdapter - Downloading https://dl.google.com/android/repository/sys-img/android-wear-cn/sys-img2-2.xml 
2021-10-01 22:42:40,285 [   6927]   INFO - s.RepoProgressIndicatorAdapter - Downloading https://dl.google.com/android/repository/sys-img/android-tv/sys-img2-2.xml 
2021-10-01 22:42:40,285 [   6927]   INFO - s.RepoProgressIndicatorAdapter - Downloading https://dl.google.com/android/repository/sys-img/google-tv/sys-img2-2.xml 
2021-10-01 22:42:40,284 [   6926]   INFO - s.RepoProgressIndicatorAdapter - Downloading https://dl.google.com/android/repository/sys-img/android-wear/sys-img2-2.xml 
2021-10-01 22:42:40,285 [   6927]   INFO - s.RepoProgressIndicatorAdapter - Downloading https://dl.google.com/android/repository/sys-img/google_apis/sys-img2-2.xml 
2021-10-01 22:42:40,285 [   6927]   INFO - s.RepoProgressIndicatorAdapter - Downloading https://dl.google.com/android/repository/addon2-2.xml 
2021-10-01 22:42:40,285 [   6927]   INFO - s.RepoProgressIndicatorAdapter - Downloading https://dl.google.com/android/repository/sys-img/google_apis_playstore/sys-img2-2.xml 
2021-10-01 22:42:40,285 [   6927]   INFO - s.RepoProgressIndicatorAdapter - Downloading https://dl.google.com/android/repository/glass/addon2-2.xml 
2021-10-01 22:42:40,286 [   6928]   INFO - s.RepoProgressIndicatorAdapter - Downloading https://dl.google.com/android/repository/extras/intel/addon2-2.xml 
2021-10-01 22:42:41,867 [   8509]   INFO - .startup.AndroidSdkInitializer - Found Studio home directory at: '/Applications/Android Studio.app/Contents' 
2021-10-01 22:42:41,867 [   8509]   INFO - .startup.AndroidSdkInitializer - Looking for Android SDK at '/Applications/Android Studio.app/Contents/sdk' 
2021-10-01 22:42:41,868 [   8510]   INFO - .startup.AndroidSdkInitializer - Looking for Android SDK at '/Applications/Android Studio.app/sdk' 
2021-10-01 22:42:41,868 [   8510]   INFO - .startup.AndroidSdkInitializer - Unable to locate SDK within the Android studio installation. 
2021-10-01 22:42:41,868 [   8510]   INFO - .startup.AndroidSdkInitializer - Examined and not found a valid Android SDK path: ANDROID_HOME environment variable 
2021-10-01 22:42:41,868 [   8510]   INFO - .startup.AndroidSdkInitializer - Examined and not found a valid Android SDK path: ANDROID_SDK_ROOT environment variable 
2021-10-01 22:42:41,868 [   8510]   INFO - .startup.AndroidSdkInitializer - Examined and not found a valid Android SDK path: Last SDK used by Android tools 
2021-10-01 22:42:41,868 [   8510]   INFO - .startup.AndroidSdkInitializer - Using default SDK path: /Users/opensooquser/Library/Android/sdk 
2021-10-01 22:42:41,894 [   8536]   INFO - gs.impl.UpdateCheckerComponent - channel: release 
